<?xml version="1.0" encoding="UTF-8"?>
<!-- Generated by org.testng.reporters.JUnitXMLReporter -->
<testsuite hostname="GYRUS-222" ignored="0" name="Document" tests="1" failures="1" timestamp="13 Aug 2019 11:36:07 GMT" time="0.004" errors="0">
  <testcase name="Document_Training" time="0.0" classname="Training.Document">
    <failure type="org.testng.TestNGException" message="
Cannot inject @Test annotated Method [Document_Training] with [class java.lang.String, class java.lang.String, class java.lang.String, class java.lang.String, class java.lang.String, class java.lang.String, class java.lang.String, class java.lang.String, class java.lang.String, class java.lang.String].
For more information on native dependency injection please refer to http://testng.org/doc/documentation-main.html#native-dependency-injection">
      <![CDATA[org.testng.TestNGException: 
Cannot inject @Test annotated Method [Document_Training] with [class java.lang.String, class java.lang.String, class java.lang.String, class java.lang.String, class java.lang.String, class java.lang.String, class java.lang.String, class java.lang.String, class java.lang.String, class java.lang.String].
For more information on native dependency injection please refer to http://testng.org/doc/documentation-main.html#native-dependency-injection
... Removed 24 stack frames]]>
    </failure>
  </testcase> <!-- Document_Training -->
</testsuite> <!-- Document -->
