<?xml version="1.0" encoding="UTF-8"?>
<!-- Generated by org.testng.reporters.JUnitXMLReporter -->
<testsuite hostname="GYRUS-222" ignored="0" name="eLearning" tests="1" failures="1" timestamp="13 Aug 2019 11:36:07 GMT" time="441.515" errors="0">
  <testcase name="eLearning_Training" time="441.458" classname="Training.eLearning">
    <failure type="org.openqa.selenium.WebDriverException" message="unknown error: Element &amp;lt;iframe src=&amp;quot;&amp;quot; frameborder=&amp;quot;0&amp;quot; class=&amp;quot;cke_wysiwyg_frame cke_reset&amp;quot; title=&amp;quot;Rich Text Editor, htmlEditorGoal&amp;quot; aria-describedby=&amp;quot;cke_56&amp;quot; tabindex=&amp;quot;0&amp;quot; allowtransparency=&amp;quot;true&amp;quot; style=&amp;quot;width: 100%; height: 100%;&amp;quot; cd_frame_id_=&amp;quot;bf9fbdd9db704475d91f942ab5d7a701&amp;quot;&amp;gt;&amp;lt;/iframe&amp;gt; is not clickable at point (0, 0). Other element would receive the click: &amp;lt;div id=&amp;quot;divHeader&amp;quot; ng-controller=&amp;quot;headerController&amp;quot; class=&amp;quot;md-toolbar-tools siteheader header ng-scope&amp;quot; style=&amp;quot;display: block;&amp;quot;&amp;gt;...&amp;lt;/div&amp;gt;
  (Session info: chrome=76.0.3809.100)
  (Driver info: chromedriver=2.37.544315 (730aa6a5fdba159ac9f4c1e8cbc59bf1b5ce12b7),platform=Windows NT 10.0.17134 x86_64) (WARNING: The server did not provide any stacktrace information)
Command duration or timeout: 0 milliseconds
Build info: version: &amp;apos;3.6.0&amp;apos;, revision: &amp;apos;6fbf3ec767&amp;apos;, time: &amp;apos;2017-09-27T16:15:26.402Z&amp;apos;
System info: host: &amp;apos;GYRUS-222&amp;apos;, ip: &amp;apos;192.168.1.222&amp;apos;, os.name: &amp;apos;Windows 10&amp;apos;, os.arch: &amp;apos;amd64&amp;apos;, os.version: &amp;apos;10.0&amp;apos;, java.version: &amp;apos;1.8.0_181&amp;apos;
Driver info: org.openqa.selenium.chrome.ChromeDriver
Capabilities [{mobileEmulationEnabled=false, hasTouchScreen=false, platform=XP, acceptSslCerts=false, acceptInsecureCerts=false, webStorageEnabled=true, browserName=chrome, takesScreenshot=true, javascriptEnabled=true, platformName=XP, setWindowRect=true, unexpectedAlertBehaviour=, applicationCacheEnabled=false, rotatable=false, networkConnectionEnabled=false, chrome={chromedriverVersion=2.37.544315 (730aa6a5fdba159ac9f4c1e8cbc59bf1b5ce12b7), userDataDir=C:\Users\VCP\AppData\Local\Temp\scoped_dir7808_32571}, takesHeapSnapshot=true, pageLoadStrategy=normal, unhandledPromptBehavior=, databaseEnabled=false, handlesAlerts=true, version=76.0.3809.100, browserConnectionEnabled=false, nativeEvents=true, locationContextEnabled=true, cssSelectorsEnabled=true}]
Session ID: c28a2faacc2419fee33645235bd30928">
      <![CDATA[org.openqa.selenium.WebDriverException: unknown error: Element <iframe src="" frameborder="0" class="cke_wysiwyg_frame cke_reset" title="Rich Text Editor, htmlEditorGoal" aria-describedby="cke_56" tabindex="0" allowtransparency="true" style="width: 100%; height: 100%;" cd_frame_id_="bf9fbdd9db704475d91f942ab5d7a701"></iframe> is not clickable at point (0, 0). Other element would receive the click: <div id="divHeader" ng-controller="headerController" class="md-toolbar-tools siteheader header ng-scope" style="display: block;">...</div>
  (Session info: chrome=76.0.3809.100)
  (Driver info: chromedriver=2.37.544315 (730aa6a5fdba159ac9f4c1e8cbc59bf1b5ce12b7),platform=Windows NT 10.0.17134 x86_64) (WARNING: The server did not provide any stacktrace information)
Command duration or timeout: 0 milliseconds
Build info: version: '3.6.0', revision: '6fbf3ec767', time: '2017-09-27T16:15:26.402Z'
System info: host: 'GYRUS-222', ip: '192.168.1.222', os.name: 'Windows 10', os.arch: 'amd64', os.version: '10.0', java.version: '1.8.0_181'
Driver info: org.openqa.selenium.chrome.ChromeDriver
Capabilities [{mobileEmulationEnabled=false, hasTouchScreen=false, platform=XP, acceptSslCerts=false, acceptInsecureCerts=false, webStorageEnabled=true, browserName=chrome, takesScreenshot=true, javascriptEnabled=true, platformName=XP, setWindowRect=true, unexpectedAlertBehaviour=, applicationCacheEnabled=false, rotatable=false, networkConnectionEnabled=false, chrome={chromedriverVersion=2.37.544315 (730aa6a5fdba159ac9f4c1e8cbc59bf1b5ce12b7), userDataDir=C:\Users\VCP\AppData\Local\Temp\scoped_dir7808_32571}, takesHeapSnapshot=true, pageLoadStrategy=normal, unhandledPromptBehavior=, databaseEnabled=false, handlesAlerts=true, version=76.0.3809.100, browserConnectionEnabled=false, nativeEvents=true, locationContextEnabled=true, cssSelectorsEnabled=true}]
Session ID: c28a2faacc2419fee33645235bd30928
at org.openqa.selenium.remote.ErrorHandler.createThrowable(ErrorHandler.java:214)
at org.openqa.selenium.remote.ErrorHandler.throwIfResponseFailed(ErrorHandler.java:166)
at org.openqa.selenium.remote.http.JsonHttpResponseCodec.reconstructValue(JsonHttpResponseCodec.java:40)
at org.openqa.selenium.remote.http.AbstractHttpResponseCodec.decode(AbstractHttpResponseCodec.java:82)
at org.openqa.selenium.remote.http.AbstractHttpResponseCodec.decode(AbstractHttpResponseCodec.java:45)
at org.openqa.selenium.remote.HttpCommandExecutor.execute(HttpCommandExecutor.java:164)
at org.openqa.selenium.remote.service.DriverCommandExecutor.execute(DriverCommandExecutor.java:83)
at org.openqa.selenium.remote.RemoteWebDriver.execute(RemoteWebDriver.java:586)
at org.openqa.selenium.remote.RemoteExecuteMethod.execute(RemoteExecuteMethod.java:35)
at org.openqa.selenium.remote.RemoteMouse.mouseMove(RemoteMouse.java:89)
at org.openqa.selenium.interactions.MoveMouseAction.perform(MoveMouseAction.java:43)
at org.openqa.selenium.interactions.CompositeAction.perform(CompositeAction.java:36)
at org.openqa.selenium.interactions.Actions$BuiltAction.perform(Actions.java:641)
at org.openqa.selenium.interactions.Actions.perform(Actions.java:594)
at Training_Functionality.Training_Info.Training_Details(Training_Info.java:112)
at Training.eLearning.eLearning_Training(eLearning.java:36)
... Removed 29 stack frames]]>
    </failure>
  </testcase> <!-- eLearning_Training -->
</testsuite> <!-- eLearning -->
