<?xml version="1.0" encoding="UTF-8"?>
<!-- Generated by org.testng.reporters.JUnitXMLReporter -->
<testsuite hostname="GYRUS-222" ignored="0" name="Org_Functionality" tests="3" failures="0" timestamp="27 Aug 2019 08:53:52 GMT" time="178.131" errors="0">
  <testcase name="Add_ORG" time="74.772" classname="Manage_System.Organization.Organization"/>
  <testcase name="Edit_ORG" time="76.317" classname="Manage_System.Organization.Organization"/>
  <testcase name="Delete_Organization" time="27.036" classname="Manage_System.Organization.Organization"/>
</testsuite> <!-- Org_Functionality -->
